This file contains any messages produced by compilers while
running configure, to aid debugging if configure makes a mistake.

It was created by pluma configure 1.19.0, which was
generated by GNU Autoconf 2.69.  Invocation command line was

  $ ./configure --enable-maintainer-mode --prefix=/home/jeremy/Bureau/PLUMA_HACK

## --------- ##
## Platform. ##
## --------- ##

hostname = jeremy-VirtualBox
uname -m = i686
uname -r = 4.10.0-19-generic
uname -s = Linux
uname -v = #21-Ubuntu SMP Thu Apr 6 17:03:14 UTC 2017

/usr/bin/uname -p = unknown
/bin/uname -X     = unknown

/bin/arch              = unknown
/usr/bin/arch -k       = unknown
/usr/convex/getsysinfo = unknown
/usr/bin/hostinfo      = unknown
/bin/machine           = unknown
/usr/bin/oslevel       = unknown
/bin/universe          = unknown

PATH: /home/jeremy/Bureau/PLUMA_HACK/bin
PATH: /usr/local/sbin
PATH: /usr/local/bin
PATH: /usr/sbin
PATH: /usr/bin
PATH: /sbin
PATH: /bin
PATH: /usr/games
PATH: /usr/local/games
PATH: /snap/bin


## ----------- ##
## Core tests. ##
## ----------- ##

configure:2505: checking for a BSD-compatible install
configure:2573: result: /usr/bin/install -c
configure:2584: checking whether build environment is sane
configure:2639: result: yes
configure:2790: checking for a thread-safe mkdir -p
configure:2829: result: /bin/mkdir -p
configure:2836: checking for gawk
configure:2852: found /usr/bin/gawk
configure:2863: result: gawk
configure:2874: checking whether make sets $(MAKE)
configure:2896: result: yes
configure:2925: checking whether make supports nested variables
configure:2942: result: yes
configure:3069: checking whether to enable maintainer-specific portions of Makefiles
configure:3078: result: yes
configure:3102: checking whether make supports nested variables
configure:3119: result: yes
configure:3180: checking for gcc
configure:3196: found /usr/bin/gcc
configure:3207: result: gcc
configure:3436: checking for C compiler version
configure:3445: gcc --version >&5
gcc (Ubuntu 6.3.0-12ubuntu2) 6.3.0 20170406
Copyright (C) 2016 Free Software Foundation, Inc.
This is free software; see the source for copying conditions.  There is NO
warranty; not even for MERCHANTABILITY or FITNESS FOR A PARTICULAR PURPOSE.

configure:3456: $? = 0
configure:3445: gcc -v >&5
Using built-in specs.
COLLECT_GCC=gcc
COLLECT_LTO_WRAPPER=/usr/lib/gcc/i686-linux-gnu/6/lto-wrapper
Target: i686-linux-gnu
Configured with: ../src/configure -v --with-pkgversion='Ubuntu 6.3.0-12ubuntu2' --with-bugurl=file:///usr/share/doc/gcc-6/README.Bugs --enable-languages=c,ada,c++,java,go,d,fortran,objc,obj-c++ --prefix=/usr --program-suffix=-6 --program-prefix=i686-linux-gnu- --enable-shared --enable-linker-build-id --libexecdir=/usr/lib --without-included-gettext --enable-threads=posix --libdir=/usr/lib --enable-nls --with-sysroot=/ --enable-clocale=gnu --enable-libstdcxx-debug --enable-libstdcxx-time=yes --with-default-libstdcxx-abi=new --enable-gnu-unique-object --disable-vtable-verify --enable-libmpx --enable-plugin --with-system-zlib --disable-browser-plugin --enable-java-awt=gtk --enable-gtk-cairo --with-java-home=/usr/lib/jvm/java-1.5.0-gcj-6-i386/jre --enable-java-home --with-jvm-root-dir=/usr/lib/jvm/java-1.5.0-gcj-6-i386 --with-jvm-jar-dir=/usr/lib/jvm-exports/java-1.5.0-gcj-6-i386 --with-arch-directory=i386 --with-ecj-jar=/usr/share/java/eclipse-ecj.jar --with-target-system-zlib --enable-objc-gc=auto --enable-targets=all --enable-multiarch --disable-werror --with-arch-32=i686 --with-multilib-list=m32,m64,mx32 --enable-multilib --with-tune=generic --enable-checking=release --build=i686-linux-gnu --host=i686-linux-gnu --target=i686-linux-gnu
Thread model: posix
gcc version 6.3.0 20170406 (Ubuntu 6.3.0-12ubuntu2) 
configure:3456: $? = 0
configure:3445: gcc -V >&5
gcc: error: unrecognized command line option '-V'
gcc: fatal error: no input files
compilation terminated.
configure:3456: $? = 1
configure:3445: gcc -qversion >&5
gcc: error: unrecognized command line option '-qversion'; did you mean '--version'?
gcc: fatal error: no input files
compilation terminated.
configure:3456: $? = 1
configure:3476: checking whether the C compiler works
configure:3498: gcc    conftest.c  >&5
configure:3502: $? = 0
configure:3550: result: yes
configure:3553: checking for C compiler default output file name
configure:3555: result: a.out
configure:3561: checking for suffix of executables
configure:3568: gcc -o conftest    conftest.c  >&5
configure:3572: $? = 0
configure:3594: result: 
configure:3616: checking whether we are cross compiling
configure:3624: gcc -o conftest    conftest.c  >&5
configure:3628: $? = 0
configure:3635: ./conftest
configure:3639: $? = 0
configure:3654: result: no
configure:3659: checking for suffix of object files
configure:3681: gcc -c   conftest.c >&5
configure:3685: $? = 0
configure:3706: result: o
configure:3710: checking whether we are using the GNU C compiler
configure:3729: gcc -c   conftest.c >&5
configure:3729: $? = 0
configure:3738: result: yes
configure:3747: checking whether gcc accepts -g
configure:3767: gcc -c -g  conftest.c >&5
configure:3767: $? = 0
configure:3808: result: yes
configure:3825: checking for gcc option to accept ISO C89
configure:3888: gcc  -c -g -O2  conftest.c >&5
configure:3888: $? = 0
configure:3901: result: none needed
configure:3926: checking whether gcc understands -c and -o together
configure:3948: gcc -c conftest.c -o conftest2.o
configure:3951: $? = 0
configure:3948: gcc -c conftest.c -o conftest2.o
configure:3951: $? = 0
configure:3963: result: yes
configure:3991: checking for style of include used by make
configure:4019: result: GNU
configure:4045: checking dependency style of gcc
configure:4156: result: gcc3
configure:4172: checking whether make sets $(MAKE)
configure:4194: result: yes
configure:4211: checking for special C compiler options needed for large files
configure:4256: result: no
configure:4262: checking for _FILE_OFFSET_BITS value needed for large files
configure:4287: gcc -c -g -O2  conftest.c >&5
conftest.c:19:41: warning: result of '-2147483648l << 31' requires 63 bits to represent, but 'long int' only has 32 bits [-Wshift-overflow=]
 #define LARGE_OFF_T ((((off_t) 1 << 31) << 31) - 1 + (((off_t) 1 << 31) << 31))
                                         ^
conftest.c:20:23: note: in expansion of macro 'LARGE_OFF_T'
   int off_t_is_large[(LARGE_OFF_T % 2147483629 == 721
                       ^~~~~~~~~~~
conftest.c:19:73: warning: result of '-2147483648l << 31' requires 63 bits to represent, but 'long int' only has 32 bits [-Wshift-overflow=]
 #define LARGE_OFF_T ((((off_t) 1 << 31) << 31) - 1 + (((off_t) 1 << 31) << 31))
                                                                         ^
conftest.c:20:23: note: in expansion of macro 'LARGE_OFF_T'
   int off_t_is_large[(LARGE_OFF_T % 2147483629 == 721
                       ^~~~~~~~~~~
conftest.c:19:41: warning: result of '-2147483648l << 31' requires 63 bits to represent, but 'long int' only has 32 bits [-Wshift-overflow=]
 #define LARGE_OFF_T ((((off_t) 1 << 31) << 31) - 1 + (((off_t) 1 << 31) << 31))
                                         ^
conftest.c:21:13: note: in expansion of macro 'LARGE_OFF_T'
          && LARGE_OFF_T % 2147483647 == 1)
             ^~~~~~~~~~~
conftest.c:19:73: warning: result of '-2147483648l << 31' requires 63 bits to represent, but 'long int' only has 32 bits [-Wshift-overflow=]
 #define LARGE_OFF_T ((((off_t) 1 << 31) << 31) - 1 + (((off_t) 1 << 31) << 31))
                                                                         ^
conftest.c:21:13: note: in expansion of macro 'LARGE_OFF_T'
          && LARGE_OFF_T % 2147483647 == 1)
             ^~~~~~~~~~~
conftest.c:20:7: error: variably modified 'off_t_is_large' at file scope
   int off_t_is_large[(LARGE_OFF_T % 2147483629 == 721
       ^~~~~~~~~~~~~~
configure:4287: $? = 1
configure: failed program was:
| /* confdefs.h */
| #define PACKAGE_NAME "pluma"
| #define PACKAGE_TARNAME "pluma"
| #define PACKAGE_VERSION "1.19.0"
| #define PACKAGE_STRING "pluma 1.19.0"
| #define PACKAGE_BUGREPORT "https://github.com/mate-desktop/pluma/issues"
| #define PACKAGE_URL "http://mate-desktop.org"
| #define PLUMA_MAJOR_VERSION 1
| #define PLUMA_MINOR_VERSION 19
| #define PLUMA_MICRO_VERSION 0
| #define PACKAGE "pluma"
| #define VERSION "1.19.0"
| /* end confdefs.h.  */
| #include <sys/types.h>
|  /* Check that off_t can represent 2**63 - 1 correctly.
|     We can't simply define LARGE_OFF_T to be 9223372036854775807,
|     since some C++ compilers masquerading as C compilers
|     incorrectly reject 9223372036854775807.  */
| #define LARGE_OFF_T ((((off_t) 1 << 31) << 31) - 1 + (((off_t) 1 << 31) << 31))
|   int off_t_is_large[(LARGE_OFF_T % 2147483629 == 721
| 		       && LARGE_OFF_T % 2147483647 == 1)
| 		      ? 1 : -1];
| int
| main ()
| {
| 
|   ;
|   return 0;
| }
configure:4311: gcc -c -g -O2  conftest.c >&5
configure:4311: $? = 0
configure:4319: result: 64
configure:4458: checking for pkg-config
configure:4476: found /usr/bin/pkg-config
configure:4488: result: /usr/bin/pkg-config
configure:4513: checking pkg-config is at least version 0.9.0
configure:4516: result: yes
configure:4556: checking build system type
configure:4570: result: i686-pc-linux-gnu
configure:4590: checking host system type
configure:4603: result: i686-pc-linux-gnu
configure:4644: checking how to print strings
configure:4671: result: printf
configure:4692: checking for a sed that does not truncate output
configure:4756: result: /bin/sed
configure:4774: checking for grep that handles long lines and -e
configure:4832: result: /bin/grep
configure:4837: checking for egrep
configure:4899: result: /bin/grep -E
configure:4904: checking for fgrep
configure:4966: result: /bin/grep -F
configure:5001: checking for ld used by gcc
configure:5068: result: /usr/bin/ld
configure:5075: checking if the linker (/usr/bin/ld) is GNU ld
configure:5090: result: yes
configure:5102: checking for BSD- or MS-compatible name lister (nm)
configure:5156: result: /usr/bin/nm -B
configure:5286: checking the name lister (/usr/bin/nm -B) interface
configure:5293: gcc -c -g -O2  conftest.c >&5
configure:5296: /usr/bin/nm -B "conftest.o"
configure:5299: output
00000000 B some_variable
configure:5306: result: BSD nm
configure:5309: checking whether ln -s works
configure:5313: result: yes
configure:5321: checking the maximum length of command line arguments
configure:5452: result: 1572864
configure:5500: checking how to convert i686-pc-linux-gnu file names to i686-pc-linux-gnu format
configure:5540: result: func_convert_file_noop
configure:5547: checking how to convert i686-pc-linux-gnu file names to toolchain format
configure:5567: result: func_convert_file_noop
configure:5574: checking for /usr/bin/ld option to reload object files
configure:5581: result: -r
configure:5655: checking for objdump
configure:5671: found /usr/bin/objdump
configure:5682: result: objdump
configure:5714: checking how to recognize dependent libraries
configure:5914: result: pass_all
configure:5999: checking for dlltool
configure:6029: result: no
configure:6059: checking how to associate runtime and link libraries
configure:6086: result: printf %s\n
configure:6146: checking for ar
configure:6162: found /usr/bin/ar
configure:6173: result: ar
configure:6210: checking for archiver @FILE support
configure:6227: gcc -c -g -O2  conftest.c >&5
configure:6227: $? = 0
configure:6230: ar cru libconftest.a @conftest.lst >&5
ar: `u' modifier ignored since `D' is the default (see `U')
configure:6233: $? = 0
configure:6238: ar cru libconftest.a @conftest.lst >&5
ar: `u' modifier ignored since `D' is the default (see `U')
ar: conftest.o: No such file or directory
configure:6241: $? = 1
configure:6253: result: @
configure:6311: checking for strip
configure:6327: found /usr/bin/strip
configure:6338: result: strip
configure:6410: checking for ranlib
configure:6426: found /usr/bin/ranlib
configure:6437: result: ranlib
configure:6539: checking command to parse /usr/bin/nm -B output from gcc object
configure:6692: gcc -c -g -O2  conftest.c >&5
configure:6695: $? = 0
configure:6699: /usr/bin/nm -B conftest.o \| sed -n -e 's/^.*[ ]\([ABCDGIRSTW][ABCDGIRSTW]*\)[ ][ ]*\([_A-Za-z][_A-Za-z0-9]*\)$/\1 \2 \2/p' | sed '/ __gnu_lto/d' \> conftest.nm
configure:6702: $? = 0
configure:6768: gcc -o conftest -g -O2   conftest.c conftstm.o >&5
configure:6771: $? = 0
configure:6809: result: ok
configure:6856: checking for sysroot
configure:6886: result: no
configure:6893: checking for a working dd
configure:6931: result: /bin/dd
configure:6935: checking how to truncate binary pipes
configure:6950: result: /bin/dd bs=4096 count=1
configure:7279: checking for mt
configure:7295: found /bin/mt
configure:7306: result: mt
configure:7329: checking if mt is a manifest tool
configure:7335: mt '-?'
configure:7343: result: no
configure:8020: checking how to run the C preprocessor
configure:8051: gcc -E  conftest.c
configure:8051: $? = 0
configure:8065: gcc -E  conftest.c
conftest.c:15:28: fatal error: ac_nonexistent.h: No such file or directory
 #include <ac_nonexistent.h>
                            ^
compilation terminated.
configure:8065: $? = 1
configure: failed program was:
| /* confdefs.h */
| #define PACKAGE_NAME "pluma"
| #define PACKAGE_TARNAME "pluma"
| #define PACKAGE_VERSION "1.19.0"
| #define PACKAGE_STRING "pluma 1.19.0"
| #define PACKAGE_BUGREPORT "https://github.com/mate-desktop/pluma/issues"
| #define PACKAGE_URL "http://mate-desktop.org"
| #define PLUMA_MAJOR_VERSION 1
| #define PLUMA_MINOR_VERSION 19
| #define PLUMA_MICRO_VERSION 0
| #define PACKAGE "pluma"
| #define VERSION "1.19.0"
| #define _FILE_OFFSET_BITS 64
| /* end confdefs.h.  */
| #include <ac_nonexistent.h>
configure:8090: result: gcc -E
configure:8110: gcc -E  conftest.c
configure:8110: $? = 0
configure:8124: gcc -E  conftest.c
conftest.c:15:28: fatal error: ac_nonexistent.h: No such file or directory
 #include <ac_nonexistent.h>
                            ^
compilation terminated.
configure:8124: $? = 1
configure: failed program was:
| /* confdefs.h */
| #define PACKAGE_NAME "pluma"
| #define PACKAGE_TARNAME "pluma"
| #define PACKAGE_VERSION "1.19.0"
| #define PACKAGE_STRING "pluma 1.19.0"
| #define PACKAGE_BUGREPORT "https://github.com/mate-desktop/pluma/issues"
| #define PACKAGE_URL "http://mate-desktop.org"
| #define PLUMA_MAJOR_VERSION 1
| #define PLUMA_MINOR_VERSION 19
| #define PLUMA_MICRO_VERSION 0
| #define PACKAGE "pluma"
| #define VERSION "1.19.0"
| #define _FILE_OFFSET_BITS 64
| /* end confdefs.h.  */
| #include <ac_nonexistent.h>
configure:8153: checking for ANSI C header files
configure:8173: gcc -c -g -O2  conftest.c >&5
configure:8173: $? = 0
configure:8246: gcc -o conftest -g -O2   conftest.c  >&5
configure:8246: $? = 0
configure:8246: ./conftest
configure:8246: $? = 0
configure:8257: result: yes
configure:8270: checking for sys/types.h
configure:8270: gcc -c -g -O2  conftest.c >&5
configure:8270: $? = 0
configure:8270: result: yes
configure:8270: checking for sys/stat.h
configure:8270: gcc -c -g -O2  conftest.c >&5
configure:8270: $? = 0
configure:8270: result: yes
configure:8270: checking for stdlib.h
configure:8270: gcc -c -g -O2  conftest.c >&5
configure:8270: $? = 0
configure:8270: result: yes
configure:8270: checking for string.h
configure:8270: gcc -c -g -O2  conftest.c >&5
configure:8270: $? = 0
configure:8270: result: yes
configure:8270: checking for memory.h
configure:8270: gcc -c -g -O2  conftest.c >&5
configure:8270: $? = 0
configure:8270: result: yes
configure:8270: checking for strings.h
configure:8270: gcc -c -g -O2  conftest.c >&5
configure:8270: $? = 0
configure:8270: result: yes
configure:8270: checking for inttypes.h
configure:8270: gcc -c -g -O2  conftest.c >&5
configure:8270: $? = 0
configure:8270: result: yes
configure:8270: checking for stdint.h
configure:8270: gcc -c -g -O2  conftest.c >&5
configure:8270: $? = 0
configure:8270: result: yes
configure:8270: checking for unistd.h
configure:8270: gcc -c -g -O2  conftest.c >&5
configure:8270: $? = 0
configure:8270: result: yes
configure:8284: checking for dlfcn.h
configure:8284: gcc -c -g -O2  conftest.c >&5
configure:8284: $? = 0
configure:8284: result: yes
configure:8539: checking for objdir
configure:8554: result: .libs
configure:8818: checking if gcc supports -fno-rtti -fno-exceptions
configure:8836: gcc -c -g -O2  -fno-rtti -fno-exceptions conftest.c >&5
cc1: warning: command line option '-fno-rtti' is valid for C++/ObjC++ but not for C
configure:8840: $? = 0
configure:8853: result: no
configure:9211: checking for gcc option to produce PIC
configure:9218: result: -fPIC -DPIC
configure:9226: checking if gcc PIC flag -fPIC -DPIC works
configure:9244: gcc -c -g -O2  -fPIC -DPIC -DPIC conftest.c >&5
configure:9248: $? = 0
configure:9261: result: yes
configure:9290: checking if gcc static flag -static works
configure:9318: result: yes
configure:9333: checking if gcc supports -c -o file.o
configure:9354: gcc -c -g -O2  -o out/conftest2.o conftest.c >&5
configure:9358: $? = 0
configure:9380: result: yes
configure:9388: checking if gcc supports -c -o file.o
configure:9435: result: yes
configure:9468: checking whether the gcc linker (/usr/bin/ld) supports shared libraries
configure:10731: result: yes
configure:10768: checking whether -lc should be explicitly linked in
configure:10776: gcc -c -g -O2  conftest.c >&5
configure:10779: $? = 0
configure:10794: gcc -shared  -fPIC -DPIC conftest.o  -v -Wl,-soname -Wl,conftest -o conftest 2\>\&1 \| /bin/grep  -lc  \>/dev/null 2\>\&1
configure:10797: $? = 0
configure:10811: result: no
configure:10971: checking dynamic linker characteristics
configure:11552: gcc -o conftest -g -O2   -Wl,-rpath -Wl,/foo conftest.c  >&5
configure:11552: $? = 0
configure:11801: result: GNU/Linux ld.so
configure:11923: checking how to hardcode library paths into programs
configure:11948: result: immediate
configure:12496: checking whether stripping libraries is possible
configure:12501: result: yes
configure:12536: checking if libtool supports shared libraries
configure:12538: result: yes
configure:12541: checking whether to build shared libraries
configure:12566: result: yes
configure:12569: checking whether to build static libraries
configure:12573: result: no
configure:12615: checking for gtk-doc
configure:12618: $PKG_CONFIG --exists --print-errors "$gtk_doc_requires"
configure:12621: $? = 0
configure:12627: result: yes
configure:12641: checking for gtkdoc-check
configure:12657: found /usr/bin/gtkdoc-check
configure:12668: result: gtkdoc-check.test
configure:12678: checking for gtkdoc-check
configure:12696: found /usr/bin/gtkdoc-check
configure:12708: result: /usr/bin/gtkdoc-check
configure:12720: checking for gtkdoc-rebase
configure:12738: found /usr/bin/gtkdoc-rebase
configure:12750: result: /usr/bin/gtkdoc-rebase
configure:12764: checking for gtkdoc-mkpdf
configure:12782: found /usr/bin/gtkdoc-mkpdf
configure:12794: result: /usr/bin/gtkdoc-mkpdf
configure:12822: checking whether to build gtk-doc documentation
configure:12824: result: no
configure:12837: checking for GTKDOC_DEPS
configure:12844: $PKG_CONFIG --exists --print-errors "glib-2.0 >= 2.10.0 gobject-2.0  >= 2.10.0"
configure:12847: $? = 0
configure:12861: $PKG_CONFIG --exists --print-errors "glib-2.0 >= 2.10.0 gobject-2.0  >= 2.10.0"
configure:12864: $? = 0
configure:12902: result: yes
configure:12982: checking for floor in -lm
configure:13007: gcc -o conftest -g -O2   conftest.c -lm   >&5
conftest.c:34:6: warning: conflicting types for built-in function 'floor'
 char floor ();
      ^~~~~
configure:13007: $? = 0
configure:13016: result: yes
configure:13060: checking whether NLS is requested
configure:13069: result: yes
configure:13087: checking for intltool >= 0.50.1
configure:13089: result: 0.51.0 found
configure:13097: checking for intltool-update
configure:13115: found /usr/bin/intltool-update
configure:13127: result: /usr/bin/intltool-update
configure:13137: checking for intltool-merge
configure:13155: found /usr/bin/intltool-merge
configure:13167: result: /usr/bin/intltool-merge
configure:13177: checking for intltool-extract
configure:13195: found /usr/bin/intltool-extract
configure:13207: result: /usr/bin/intltool-extract
configure:13361: checking for xgettext
configure:13379: found /usr/bin/xgettext
configure:13391: result: /usr/bin/xgettext
configure:13401: checking for msgmerge
configure:13419: found /usr/bin/msgmerge
configure:13431: result: /usr/bin/msgmerge
configure:13441: checking for msgfmt
configure:13459: found /usr/bin/msgfmt
configure:13471: result: /usr/bin/msgfmt
configure:13481: checking for gmsgfmt
configure:13512: result: /usr/bin/msgfmt
configure:13532: checking for perl
configure:13550: found /usr/bin/perl
configure:13562: result: /usr/bin/perl
configure:13573: checking for perl >= 5.8.1
configure:13580: result: 5.24.1
configure:13584: checking for XML::Parser
configure:13587: result: ok
configure:13605: checking locale.h usability
configure:13605: gcc -c -g -O2  conftest.c >&5
configure:13605: $? = 0
configure:13605: result: yes
configure:13605: checking locale.h presence
configure:13605: gcc -E  conftest.c
configure:13605: $? = 0
configure:13605: result: yes
configure:13605: checking for locale.h
configure:13605: result: yes
configure:13616: checking for LC_MESSAGES
configure:13632: gcc -o conftest -g -O2   conftest.c -lm  >&5
configure:13632: $? = 0
configure:13640: result: yes
configure:13657: checking libintl.h usability
configure:13657: gcc -c -g -O2  conftest.c >&5
configure:13657: $? = 0
configure:13657: result: yes
configure:13657: checking libintl.h presence
configure:13657: gcc -E  conftest.c
configure:13657: $? = 0
configure:13657: result: yes
configure:13657: checking for libintl.h
configure:13657: result: yes
configure:13665: checking for ngettext in libc
configure:13683: gcc -o conftest -g -O2   conftest.c -lm  >&5
configure:13683: $? = 0
configure:13692: result: yes
configure:13696: checking for dgettext in libc
configure:13714: gcc -o conftest -g -O2   conftest.c -lm  >&5
configure:13714: $? = 0
configure:13723: result: yes
configure:13730: checking for bind_textdomain_codeset
configure:13730: gcc -o conftest -g -O2   conftest.c -lm  >&5
configure:13730: $? = 0
configure:13730: result: yes
configure:14006: checking for msgfmt
configure:14033: result: /usr/bin/msgfmt
configure:14044: checking for dcgettext
configure:14044: gcc -o conftest -g -O2   conftest.c -lm   >&5
conftest.c:57:6: warning: conflicting types for built-in function 'dcgettext'
 char dcgettext ();
      ^~~~~~~~~
configure:14044: $? = 0
configure:14044: result: yes
configure:14054: checking if msgfmt accepts -c
configure:14069: $MSGFMT -c -o /dev/null conftest.foo
conftest.foo:3: warning: header field 'Language' missing in header
configure:14072: $? = 0
configure:14074: result: yes
configure:14084: checking for gmsgfmt
configure:14115: result: /usr/bin/msgfmt
configure:14125: checking for xgettext
configure:14152: result: /usr/bin/xgettext
configure:14171: gcc -o conftest -g -O2   conftest.c -lm   >&5
configure:14171: $? = 0
configure:14356: checking for ENCHANT
configure:14363: $PKG_CONFIG --exists --print-errors "enchant >= $ENCHANT_REQUIRED"
configure:14366: $? = 0
configure:14380: $PKG_CONFIG --exists --print-errors "enchant >= $ENCHANT_REQUIRED"
configure:14383: $? = 0
configure:14421: result: yes
configure:14430: $PKG_CONFIG --exists --print-errors "iso-codes >= $ISO_CODES_REQUIRED"
configure:14433: $? = 0
configure:14441: checking whether iso-codes has iso-639 and iso-3166 domains
configure:14450: result: yes
configure:14486: checking for GMODULE
configure:14493: $PKG_CONFIG --exists --print-errors "gmodule-2.0"
configure:14496: $? = 0
configure:14510: $PKG_CONFIG --exists --print-errors "gmodule-2.0"
configure:14513: $? = 0
configure:14551: result: yes
configure:14557: checking for PLUMA
configure:14574: $PKG_CONFIG --exists --print-errors "
	libxml-2.0 >= 2.5.0
	glib-2.0 >= 2.36.0
	$GMODULE_ADD
	gthread-2.0 >= 2.13.0
	gio-2.0 >= 2.26.0
	gtk+-3.0 >= $GTK_REQUIRED
	gtksourceview-3.0 >= $GTKSOURCEVIEW_REQUIRED
	libpeas-1.0 >= 1.2.0
	libpeas-gtk-1.0 >= 1.2.0
"
configure:14587: $? = 0
configure:14621: $PKG_CONFIG --exists --print-errors "
	libxml-2.0 >= 2.5.0
	glib-2.0 >= 2.36.0
	$GMODULE_ADD
	gthread-2.0 >= 2.13.0
	gio-2.0 >= 2.26.0
	gtk+-3.0 >= $GTK_REQUIRED
	gtksourceview-3.0 >= $GTKSOURCEVIEW_REQUIRED
	libpeas-1.0 >= 1.2.0
	libpeas-gtk-1.0 >= 1.2.0
"
configure:14634: $? = 0
configure:14732: result: yes
configure:14739: checking for X11
configure:14746: $PKG_CONFIG --exists --print-errors "x11"
configure:14749: $? = 0
configure:14763: $PKG_CONFIG --exists --print-errors "x11"
configure:14766: $? = 0
configure:14824: result: yes
configure:14837: checking for EGG_SMCLIENT
configure:14844: $PKG_CONFIG --exists --print-errors "sm >= 1.0.0"
configure:14847: $? = 0
configure:14861: $PKG_CONFIG --exists --print-errors "sm >= 1.0.0"
configure:14864: $? = 0
configure:14922: result: yes
configure:14942: checking for gobject-introspection
configure:14973: $PKG_CONFIG --exists --print-errors "gobject-introspection-1.0 >= 0.9.3"
configure:14976: $? = 0
configure:14988: result: yes
configure:15070: checking for a Python interpreter with version >= 2.7
configure:15087: python -c import sys # split strings by '.' and convert to numeric. Append some zeros # because we need at least 4 digits for the hex conversion. # map returns an iterator in Python 3.0 and a list in 2.x minver = list(map(int, '2.7'.split('.'))) + [0, 0, 0] minverhex = 0 # xrange is not present in Python 3.0 and range returns an iterator for i in list(range(0, 4)): minverhex = (minverhex << 8) + minver[i] sys.exit(sys.hexversion < minverhex)
configure:15090: $? = 0
configure:15096: result: python
configure:15104: checking for python
configure:15122: found /usr/bin/python
configure:15134: result: /usr/bin/python
configure:15152: checking for python version
configure:15159: result: 2.7
configure:15171: checking for python platform
configure:15178: result: linux2
configure:15204: checking for python script directory
configure:15239: result: ${prefix}/lib/python2.7/site-packages
configure:15248: checking for python extension module directory
configure:15283: result: ${exec_prefix}/lib/python2.7/site-packages
configure:15364: checking for pkg-config
configure:15394: result: /usr/bin/pkg-config
configure:15419: checking pkg-config is at least version 0.16
configure:15422: result: yes
configure:15533: checking for glib-genmarshal
configure:15551: found /usr/bin/glib-genmarshal
configure:15563: result: /usr/bin/glib-genmarshal
configure:15573: checking for glib-mkenums
configure:15591: found /usr/bin/glib-mkenums
configure:15603: result: /usr/bin/glib-mkenums
configure:15684: checking what warning flags to pass to the C compiler
configure:15686: result: -Wall -Wmissing-prototypes
configure:15697: checking what language compliance flags to pass to the C compiler
configure:15712: result: 
configure:15781: checking for itstool
configure:15797: found /usr/bin/itstool
configure:15808: result: itstool
configure:15823: checking for xmllint
configure:15839: found /usr/bin/xmllint
configure:15850: result: xmllint
configure:16153: checking that generated files are newer than configure
configure:16159: result: done
configure:16230: creating ./config.status

## ---------------------- ##
## Running config.status. ##
## ---------------------- ##

This file was extended by pluma config.status 1.19.0, which was
generated by GNU Autoconf 2.69.  Invocation command line was

  CONFIG_FILES    = 
  CONFIG_HEADERS  = 
  CONFIG_LINKS    = 
  CONFIG_COMMANDS = 
  $ ./config.status 

on jeremy-VirtualBox

config.status:1516: creating Makefile
config.status:1516: creating data/pluma.desktop.in
config.status:1516: creating data/pluma-bugreport.sh
config.status:1516: creating data/pluma.pc
config.status:1516: creating data/org.mate.pluma.gschema.xml
config.status:1516: creating data/Makefile
config.status:1516: creating docs/Makefile
config.status:1516: creating docs/reference/Makefile
config.status:1516: creating pluma/dialogs/Makefile
config.status:1516: creating pluma/smclient/Makefile
config.status:1516: creating pluma/Makefile
config.status:1516: creating help/Makefile
config.status:1516: creating pixmaps/Makefile
config.status:1516: creating plugins/Makefile
config.status:1516: creating plugins/changecase/Makefile
config.status:1516: creating plugins/docinfo/Makefile
config.status:1516: creating plugins/externaltools/data/Makefile
config.status:1516: creating plugins/externaltools/Makefile
config.status:1516: creating plugins/externaltools/scripts/Makefile
config.status:1516: creating plugins/externaltools/tools/Makefile
config.status:1516: creating plugins/filebrowser/Makefile
config.status:1516: creating plugins/filebrowser/org.mate.pluma.plugins.filebrowser.gschema.xml
config.status:1516: creating plugins/modelines/Makefile
config.status:1516: creating plugins/pythonconsole/Makefile
config.status:1516: creating plugins/pythonconsole/pythonconsole/Makefile
config.status:1516: creating plugins/quickopen/Makefile
config.status:1516: creating plugins/quickopen/quickopen/Makefile
config.status:1516: creating plugins/snippets/data/lang/Makefile
config.status:1516: creating plugins/snippets/data/Makefile
config.status:1516: creating plugins/snippets/Makefile
config.status:1516: creating plugins/snippets/snippets/Makefile
config.status:1516: creating plugins/sort/Makefile
config.status:1516: creating plugins/spell/Makefile
config.status:1516: creating plugins/spell/org.mate.pluma.plugins.spell.gschema.xml
config.status:1516: creating plugins/taglist/Makefile
config.status:1516: creating plugins/time/Makefile
config.status:1516: creating plugins/time/org.mate.pluma.plugins.time.gschema.xml
config.status:1516: creating plugins/trailsave/Makefile
config.status:1516: creating po/Makefile.in
config.status:1516: creating tests/Makefile
config.status:1516: creating config.h
config.status:1745: executing depfiles commands
config.status:1745: executing libtool commands
config.status:1745: executing default-1 commands
config.status:1745: executing po/stamp-it commands

## ---------------- ##
## Cache variables. ##
## ---------------- ##

ac_cv_build=i686-pc-linux-gnu
ac_cv_c_compiler_gnu=yes
ac_cv_env_CC_set=
ac_cv_env_CC_value=
ac_cv_env_CFLAGS_set=
ac_cv_env_CFLAGS_value=
ac_cv_env_CPPFLAGS_set=
ac_cv_env_CPPFLAGS_value=
ac_cv_env_CPP_set=
ac_cv_env_CPP_value=
ac_cv_env_EGG_SMCLIENT_CFLAGS_set=
ac_cv_env_EGG_SMCLIENT_CFLAGS_value=
ac_cv_env_EGG_SMCLIENT_LIBS_set=
ac_cv_env_EGG_SMCLIENT_LIBS_value=
ac_cv_env_ENCHANT_CFLAGS_set=
ac_cv_env_ENCHANT_CFLAGS_value=
ac_cv_env_ENCHANT_LIBS_set=
ac_cv_env_ENCHANT_LIBS_value=
ac_cv_env_GMODULE_CFLAGS_set=
ac_cv_env_GMODULE_CFLAGS_value=
ac_cv_env_GMODULE_LIBS_set=
ac_cv_env_GMODULE_LIBS_value=
ac_cv_env_GTKDOC_DEPS_CFLAGS_set=
ac_cv_env_GTKDOC_DEPS_CFLAGS_value=
ac_cv_env_GTKDOC_DEPS_LIBS_set=
ac_cv_env_GTKDOC_DEPS_LIBS_value=
ac_cv_env_ITSTOOL_set=
ac_cv_env_ITSTOOL_value=
ac_cv_env_LDFLAGS_set=
ac_cv_env_LDFLAGS_value=
ac_cv_env_LIBS_set=
ac_cv_env_LIBS_value=
ac_cv_env_LT_SYS_LIBRARY_PATH_set=
ac_cv_env_LT_SYS_LIBRARY_PATH_value=
ac_cv_env_PKG_CONFIG_LIBDIR_set=
ac_cv_env_PKG_CONFIG_LIBDIR_value=
ac_cv_env_PKG_CONFIG_PATH_set=
ac_cv_env_PKG_CONFIG_PATH_value=
ac_cv_env_PKG_CONFIG_set=
ac_cv_env_PKG_CONFIG_value=
ac_cv_env_PLUMA_CFLAGS_set=
ac_cv_env_PLUMA_CFLAGS_value=
ac_cv_env_PLUMA_LIBS_set=
ac_cv_env_PLUMA_LIBS_value=
ac_cv_env_PYTHON_set=
ac_cv_env_PYTHON_value=
ac_cv_env_X11_CFLAGS_set=
ac_cv_env_X11_CFLAGS_value=
ac_cv_env_X11_LIBS_set=
ac_cv_env_X11_LIBS_value=
ac_cv_env_XMLLINT_set=
ac_cv_env_XMLLINT_value=
ac_cv_env_build_alias_set=
ac_cv_env_build_alias_value=
ac_cv_env_host_alias_set=
ac_cv_env_host_alias_value=
ac_cv_env_target_alias_set=
ac_cv_env_target_alias_value=
ac_cv_func_bind_textdomain_codeset=yes
ac_cv_func_dcgettext=yes
ac_cv_header_dlfcn_h=yes
ac_cv_header_inttypes_h=yes
ac_cv_header_libintl_h=yes
ac_cv_header_locale_h=yes
ac_cv_header_memory_h=yes
ac_cv_header_stdc=yes
ac_cv_header_stdint_h=yes
ac_cv_header_stdlib_h=yes
ac_cv_header_string_h=yes
ac_cv_header_strings_h=yes
ac_cv_header_sys_stat_h=yes
ac_cv_header_sys_types_h=yes
ac_cv_header_unistd_h=yes
ac_cv_host=i686-pc-linux-gnu
ac_cv_lib_m_floor=yes
ac_cv_objext=o
ac_cv_path_EGREP='/bin/grep -E'
ac_cv_path_FGREP='/bin/grep -F'
ac_cv_path_GLIB_GENMARSHAL=/usr/bin/glib-genmarshal
ac_cv_path_GLIB_MKENUMS=/usr/bin/glib-mkenums
ac_cv_path_GMSGFMT=/usr/bin/msgfmt
ac_cv_path_GREP=/bin/grep
ac_cv_path_GTKDOC_CHECK_PATH=/usr/bin/gtkdoc-check
ac_cv_path_GTKDOC_MKPDF=/usr/bin/gtkdoc-mkpdf
ac_cv_path_GTKDOC_REBASE=/usr/bin/gtkdoc-rebase
ac_cv_path_INTLTOOL_EXTRACT=/usr/bin/intltool-extract
ac_cv_path_INTLTOOL_MERGE=/usr/bin/intltool-merge
ac_cv_path_INTLTOOL_PERL=/usr/bin/perl
ac_cv_path_INTLTOOL_UPDATE=/usr/bin/intltool-update
ac_cv_path_MSGFMT=/usr/bin/msgfmt
ac_cv_path_MSGMERGE=/usr/bin/msgmerge
ac_cv_path_PYTHON=/usr/bin/python
ac_cv_path_SED=/bin/sed
ac_cv_path_XGETTEXT=/usr/bin/xgettext
ac_cv_path_ac_pt_PKG_CONFIG=/usr/bin/pkg-config
ac_cv_path_install='/usr/bin/install -c'
ac_cv_path_lt_DD=/bin/dd
ac_cv_path_mkdir=/bin/mkdir
ac_cv_prog_AWK=gawk
ac_cv_prog_CPP='gcc -E'
ac_cv_prog_GTKDOC_CHECK=gtkdoc-check.test
ac_cv_prog_ITSTOOL=itstool
ac_cv_prog_XMLLINT=xmllint
ac_cv_prog_ac_ct_AR=ar
ac_cv_prog_ac_ct_CC=gcc
ac_cv_prog_ac_ct_MANIFEST_TOOL=mt
ac_cv_prog_ac_ct_OBJDUMP=objdump
ac_cv_prog_ac_ct_RANLIB=ranlib
ac_cv_prog_ac_ct_STRIP=strip
ac_cv_prog_cc_c89=
ac_cv_prog_cc_g=yes
ac_cv_prog_make_make_set=yes
ac_cv_sys_file_offset_bits=64
ac_cv_sys_largefile_CC=no
am_cv_CC_dependencies_compiler_type=gcc3
am_cv_make_support_nested_variables=yes
am_cv_pathless_PYTHON=python
am_cv_prog_cc_c_o=yes
am_cv_python_platform=linux2
am_cv_python_pyexecdir='${exec_prefix}/lib/python2.7/site-packages'
am_cv_python_pythondir='${prefix}/lib/python2.7/site-packages'
am_cv_python_version=2.7
am_cv_val_LC_MESSAGES=yes
gt_cv_func_dgettext_libc=yes
gt_cv_func_dgettext_libintl=no
gt_cv_func_ngettext_libc=yes
gt_cv_have_gettext=yes
lt_cv_ar_at_file=@
lt_cv_archive_cmds_need_lc=no
lt_cv_deplibs_check_method=pass_all
lt_cv_file_magic_cmd='$MAGIC_CMD'
lt_cv_file_magic_test_file=
lt_cv_ld_reload_flag=-r
lt_cv_nm_interface='BSD nm'
lt_cv_objdir=.libs
lt_cv_path_LD=/usr/bin/ld
lt_cv_path_NM='/usr/bin/nm -B'
lt_cv_path_mainfest_tool=no
lt_cv_prog_compiler_c_o=yes
lt_cv_prog_compiler_pic='-fPIC -DPIC'
lt_cv_prog_compiler_pic_works=yes
lt_cv_prog_compiler_rtti_exceptions=no
lt_cv_prog_compiler_static_works=yes
lt_cv_prog_gnu_ld=yes
lt_cv_sharedlib_from_linklib_cmd='printf %s\n'
lt_cv_shlibpath_overrides_runpath=yes
lt_cv_sys_global_symbol_pipe='sed -n -e '\''s/^.*[	 ]\([ABCDGIRSTW][ABCDGIRSTW]*\)[	 ][	 ]*\([_A-Za-z][_A-Za-z0-9]*\)$/\1 \2 \2/p'\'' | sed '\''/ __gnu_lto/d'\'''
lt_cv_sys_global_symbol_to_c_name_address='sed -n -e '\''s/^: \(.*\) .*$/  {"\1", (void *) 0},/p'\'' -e '\''s/^[ABCDGIRSTW][ABCDGIRSTW]* .* \(.*\)$/  {"\1", (void *) \&\1},/p'\'''
lt_cv_sys_global_symbol_to_c_name_address_lib_prefix='sed -n -e '\''s/^: \(.*\) .*$/  {"\1", (void *) 0},/p'\'' -e '\''s/^[ABCDGIRSTW][ABCDGIRSTW]* .* \(lib.*\)$/  {"\1", (void *) \&\1},/p'\'' -e '\''s/^[ABCDGIRSTW][ABCDGIRSTW]* .* \(.*\)$/  {"lib\1", (void *) \&\1},/p'\'''
lt_cv_sys_global_symbol_to_cdecl='sed -n -e '\''s/^T .* \(.*\)$/extern int \1();/p'\'' -e '\''s/^[ABCDGIRSTW][ABCDGIRSTW]* .* \(.*\)$/extern char \1;/p'\'''
lt_cv_sys_global_symbol_to_import=
lt_cv_sys_max_cmd_len=1572864
lt_cv_to_host_file_cmd=func_convert_file_noop
lt_cv_to_tool_file_cmd=func_convert_file_noop
lt_cv_truncate_bin='/bin/dd bs=4096 count=1'
pkg_cv_EGG_SMCLIENT_CFLAGS=
pkg_cv_EGG_SMCLIENT_LIBS=-lSM
pkg_cv_ENCHANT_CFLAGS='-pthread -I/usr/include/enchant -I/usr/include/glib-2.0 -I/usr/lib/i386-linux-gnu/glib-2.0/include'
pkg_cv_ENCHANT_LIBS=-lenchant
pkg_cv_GMODULE_CFLAGS='-pthread -I/usr/include/glib-2.0 -I/usr/lib/i386-linux-gnu/glib-2.0/include'
pkg_cv_GMODULE_LIBS='-Wl,--export-dynamic -lgmodule-2.0 -pthread -lglib-2.0'
pkg_cv_GTKDOC_DEPS_CFLAGS='-I/usr/include/glib-2.0 -I/usr/lib/i386-linux-gnu/glib-2.0/include'
pkg_cv_GTKDOC_DEPS_LIBS='-lgobject-2.0 -lglib-2.0'
pkg_cv_PLUMA_CFLAGS='-pthread -I/usr/include/gtksourceview-3.0 -I/usr/include/libxml2 -I/usr/include/libpeas-1.0 -I/usr/include/gtk-3.0 -I/usr/include/at-spi2-atk/2.0 -I/usr/include/at-spi-2.0 -I/usr/include/dbus-1.0 -I/usr/lib/i386-linux-gnu/dbus-1.0/include -I/usr/include/gtk-3.0 -I/usr/include/gio-unix-2.0/ -I/usr/include/mirclient -I/usr/include/mircore -I/usr/include/mircookie -I/usr/include/cairo -I/usr/include/pango-1.0 -I/usr/include/harfbuzz -I/usr/include/pango-1.0 -I/usr/include/atk-1.0 -I/usr/include/cairo -I/usr/include/pixman-1 -I/usr/include/freetype2 -I/usr/include/libpng16 -I/usr/include/gdk-pixbuf-2.0 -I/usr/include/libpng16 -I/usr/include/libpeas-1.0 -I/usr/include/gobject-introspection-1.0 -I/usr/include/glib-2.0 -I/usr/lib/i386-linux-gnu/glib-2.0/include'
pkg_cv_PLUMA_LIBS='-lxml2 -lgthread-2.0 -pthread -lgtksourceview-3.0 -lpeas-gtk-1.0 -lgtk-3 -lgdk-3 -lpangocairo-1.0 -lpango-1.0 -latk-1.0 -lcairo-gobject -lcairo -lgdk_pixbuf-2.0 -lpeas-1.0 -Wl,--export-dynamic -lgmodule-2.0 -pthread -lgio-2.0 -lgirepository-1.0 -lgobject-2.0 -lglib-2.0'
pkg_cv_X11_CFLAGS=
pkg_cv_X11_LIBS=-lX11

## ----------------- ##
## Output variables. ##
## ----------------- ##

























		$(INSTALL_DATA) $^ "$(DESTDIR)$(gsettingsschemadir)"; \
		test -n "$(GSETTINGS_DISABLE_SCHEMAS_COMPILE)$(DESTDIR)" || $(GLIB_COMPILE_SCHEMAS) $(gsettingsschemadir); \
		test -z "$(gsettingsschemadir)" || $(MKDIR_P) "$(DESTDIR)$(gsettingsschemadir)"; \
	          dname=$$(dirname "$$dname"); \
	          pars="../$$pars"; \
	        $(LN_S) -f $$pars"C/$(HELP_ID)/$$f" "$$helpdir$$f" || exit 1; \
	        dname="$$f"; \
	        done; \
	        echo "$(LN_S) -f $(HELP_DIR)/C/$(HELP_ID)/$$f $$helpdir$$f"; \
	        pars="../"; \
	        while test "$$dname" != "." -a "$$dname" != "/"; do \
	      $(INSTALL_DATA) "$$d$$lc/$$f" "$$helpdir$$f" || exit 1; \
	      echo "$(INSTALL_DATA) $$d$$lc/$$f $$helpdir$$f"; \
	      fi; \
	      if test "x$(YELP_LC_MEDIA_LINKS)" != "x"; then \
	    $(ITSTOOL) -o "$(notdir $@).tmp" $(_HELP_C_FILES) && \
	    $(ITSTOOL) -o "$(notdir $@).tmp" $(_HELP_C_FILES) && \
	    $(XMLLINT) --noout --noent --path "$$xmlpath" --xinclude "$$d$$lc/$$page"; \
	    cp -p "$$d$$lc/$$file" "$(distdir)/$$lc/" || exit 1; \
	    d="$(srcdir)/"; \
	    echo "$(XMLLINT) --noout --noent --path $$xmlpath --xinclude $$d$$lc/$$page"; \
	    echo "rm -f $$helpdir$$f"; \
	    elif test "x$$lc" != "xC"; then \
	    fi; \
	    helpdir="$(DESTDIR)$(HELP_DIR)/$$lc/$(HELP_ID)/"; \
	    helpdir="$(DESTDIR)$(HELP_DIR)/$$lc/$(HELP_ID)/"; \
	    if ! test -d "$$helpdir$$mdir"; then $(mkinstalldirs) "$$helpdir$$mdir"; fi; \
	    if test "x$mdir" = "x."; then mdir=""; fi; \
	    if test -f "$$d$$lc/$$f"; then \
	    if test -f "$$lc$$f"; then d=; else d="$(srcdir)/"; fi; \
	    if test -f "$$lc/$$file"; then d=./; else d=$(srcdir)/; fi; \
	    mdir=`dirname "$$f"`; \
	    msgmerge -o "$(notdir $@)" "$(notdir $@)" "$(notdir $@).tmp" && \
	    mv "$(notdir $@).tmp" "$(notdir $@)"); \
	    rm "$(notdir $@).tmp"); \
	    rm -f "$$helpdir$$f"; \
	    then d=; \
	    xmlpath="$$lc"; \
	    xmlpath="$$lc:$(srcdir)/$$lc"; \
	  $(INSTALL_DATA) "$$d$$f" "$$helpdir`basename $$f`" || exit 1; \
	  $(INSTALL_DATA) "$$d$$lc/$$f" "$$helpdir`basename $$f`" || exit 1; \
	  $(MKDIR_P) "$(distdir)/$$lc"; \
	  $(mkinstalldirs) "$(DESTDIR)$(HELP_DIR)/$$lc/$(HELP_ID)" || exit 1; \
	  (cd "$(dir $@)" && \
	  (cd "$(dir $@)" && \
	  done; \
	  done; \
	  done; \
	  done; \
	  echo "$(INSTALL_DATA) $$d$$f $$helpdir`basename $$f`"; \
	  echo "$(INSTALL_DATA) $$d$$lc/$$f $$helpdir`basename $$f`"; \
	  echo "rm -f $$helpdir`basename $$f`"; \
	  echo "rm -f $$helpdir`basename $$f`"; \
	  else \
	  fi; \
	  for file in $(HELP_FILES); do \
	  for lc in C $(_HELP_LINGUAS); do \
	  for lc in C $(_HELP_LINGUAS); do \
	  for page in $(HELP_FILES); do \
	  helpdir="$(DESTDIR)$(HELP_DIR)/$$lc/$(HELP_ID)/"; \
	  helpdir="$(DESTDIR)$(HELP_DIR)/$$lc/$(HELP_ID)/"; \
	  helpdir="$(DESTDIR)$(HELP_DIR)/$$lc/$(HELP_ID)/"; \
	  helpdir="$(DESTDIR)$(HELP_DIR)/$$lc/$(HELP_ID)/"; \
	  if ! test -d "$$helpdir"; then $(mkinstalldirs) "$$helpdir"; fi; \
	  if ! test -d "$$helpdir"; then $(mkinstalldirs) "$$helpdir"; fi; \
	  if test "x$(_HELP_V)" = "x0"; then echo "  GEN    $${po}"; fi; \
	  if test -d "$$lc"; \
	  if test -f "$$f"; then d=; else d="$(srcdir)/"; fi; \
	  if test -f "$$lc/$$f"; then d=; else d="$(srcdir)/"; fi; \
	  lc=`dirname "$$f"`; lc=`basename "$$lc"`; \
	  lc=`dirname "$$f"`; lc=`basename "$$lc"`; \
	  msgmerge -q -o "$${po}" "$${po}" "$(_HELP_POTFILE)"; \
	  rm -f "$$helpdir`basename $$f`"; \
	  rm -f "$$helpdir`basename $$f`"; \
	$(AM_V_GEN) $(GLIB_COMPILE_SCHEMAS) --strict --dry-run $(addprefix --schema-file=,$(gsettings__enum_file)) --schema-file=$< && mkdir -p $(@D) && touch $@
	$(AM_V_GEN) glib-mkenums --comments '\''<!-- @comment@ -->'\'' --fhead "<schemalist>" --vhead "  <@type@ id='\''$(gsettings_ENUM_NAMESPACE).@EnumName@'\''>" --vprod "    <value nick='\''@valuenick@'\'' value='\''@valuenum@'\''/>" --vtail "  </@type@>" --ftail "</schemalist>" $^ > $@.tmp && mv $@.tmp $@
	$(AM_V_GEN)if ! test -f "$@"; then \
	$(AM_V_GEN)if test -d "C"; then d=; else d="$(srcdir)/"; fi; \
	$(AM_V_GEN)msgfmt -o "$@" "$<"
	$(AM_V_at)for po in $(_HELP_POFILES); do \
	$(AM_V_at)if ! test -d "$(dir $@)"; then mkdir "$(dir $@)"; fi
	$(AM_V_at)if ! test -d "$(dir $@)"; then mkdir "$(dir $@)"; fi
	$(AM_V_at)if ! test -d "$(dir $@)"; then mkdir "$(dir $@)"; fi
	$(AM_V_at)if test ! -f "$@" -a -f "$(srcdir)/$@"; then cp "$(srcdir)/$@" "$@"; fi
	$(ITSTOOL) -o "$@" $(foreach f,$(_HELP_C_FILES),"$${d}$(f)")
	$(_HELP_LC_VERBOSE)if test -d "C"; then d="../"; else d="$(abs_srcdir)/"; fi; \
	(cd "$(dir $@)" && $(ITSTOOL) -m "$${mo}" $(foreach f,$(_HELP_C_FILES),$${d}/$(f))) && \
	@$(NORMAL_INSTALL)
	@$(NORMAL_UNINSTALL)
	@for f in $(HELP_MEDIA); do \
	@for f in $(HELP_MEDIA); do \
	@for f in $(_HELP_C_EXTRA); do \
	@for f in $(_HELP_C_EXTRA); do \
	@for lc in C $(_HELP_LINGUAS); do \
	@for lc in C $(_HELP_LINGUAS); do for f in $(HELP_FILES); do \
	@for lc in C $(if $(YELP_LC_DIST),$(HELP_LINGUAS)) ; do \
	@list='\''$(gsettings_SCHEMAS) $(gsettings__enum_file)'\''; test -n "$(gsettingsschemadir)" || list=; \
	cd "$(DESTDIR)$(gsettingsschemadir)" && rm -f $$files
	done
	done
	done
	done
	done
	done
	done;
	done; \
	done; done
	done; done
	echo " ( cd '\''$(DESTDIR)$(gsettingsschemadir)'\'' && rm -f" $$files ")"; \
	else \
	fi
	fi
	files=`for p in $$list; do echo $$p; done | sed -e '\''s|^.*/||'\''`; \
	for lc in C $(_HELP_LINGUAS); do \
	for lc in C $(_HELP_LINGUAS); do for f in $(HELP_FILES); do \
	if test -f "$${mo}"; then mo="../$${mo}"; else mo="$(abs_srcdir)/$${mo}"; fi; \
	if test -n "$^"; then \
	mo="$(dir $@)$(patsubst %/$(notdir $@),%,$@).mo"; \
	rm -f $(_HELP_LC_FILES) $(_HELP_LC_STAMPS) $(_HELP_MOFILES)
	rm -f $(gsettings_SCHEMAS:.xml=.valid) $(gsettings__enum_file)
	test -n "$$files" || exit 0; \
	test -n "$(GSETTINGS_DISABLE_SCHEMAS_COMPILE)$(DESTDIR)" || $(GLIB_COMPILE_SCHEMAS) $(gsettingsschemadir)
	touch "$@"
$(_HELP_LC_FILES): $(_HELP_LINGUAS)
$(_HELP_LC_STAMPS): $(_HELP_C_FILES) $(_HELP_C_EXTRA)
$(_HELP_LC_STAMPS): %.stamp: %.mo
$(_HELP_LINGUAS): $(_HELP_LC_STAMPS)
$(_HELP_MOFILES): %.mo: %.po
$(_HELP_POFILES):
$(_HELP_POTFILE): $(_HELP_C_FILES) $(_HELP_C_EXTRA) $(_HELP_C_MEDIA)
$(gsettings__enum_file): $(gsettings_ENUM_FILES)
%.gschema.valid: %.gschema.xml $(gsettings__enum_file)
'
.PHONY : uninstall-gsettings-schemas install-gsettings-schemas clean-gsettings-schemas
.PHONY: check-help
.PHONY: clean-help
.PHONY: install-help
.PHONY: pot
.PHONY: repo
.PHONY: uninstall-help
.SECONDARY: $(gsettings_SCHEMAS)
ACLOCAL='${SHELL} /home/jeremy/Bureau/PLUMA_HACK/pluma/missing aclocal-1.15'
ACLOCAL_AMFLAGS='-I /home/jeremy/Bureau/PLUMA_HACK/share/aclocal/ -I m4'
ALL_LINGUAS=''
AMDEPBACKSLASH='\'
AMDEP_FALSE='#'
AMDEP_TRUE=''
AMTAR='$${TAR-tar}'
AM_BACKSLASH='\'
AM_DEFAULT_V='$(AM_DEFAULT_VERBOSITY)'
AM_DEFAULT_VERBOSITY='0'
AM_V='$(V)'
AR='ar'
AUTOCONF='${SHELL} /home/jeremy/Bureau/PLUMA_HACK/pluma/missing autoconf'
AUTOHEADER='${SHELL} /home/jeremy/Bureau/PLUMA_HACK/pluma/missing autoheader'
AUTOMAKE='${SHELL} /home/jeremy/Bureau/PLUMA_HACK/pluma/missing automake-1.15'
AWK='gawk'
CATALOGS=''
CATOBJEXT='.gmo'
CC='gcc'
CCDEPMODE='depmode=gcc3'
CFLAGS='-g -O2'
CPP='gcc -E'
CPPFLAGS=''
CYGPATH_W='echo'
DATADIRNAME='share'
DEFS='-DHAVE_CONFIG_H'
DEPDIR='.deps'
DLLTOOL='false'
DSYMUTIL=''
DUMPBIN=''
ECHO_C=''
ECHO_N='-n'
ECHO_T=''
EGG_SMCLIENT_CFLAGS=''
EGG_SMCLIENT_LIBS='-lSM'
EGREP='/bin/grep -E'
ENABLE_ENCHANT_FALSE='#'
ENABLE_ENCHANT_TRUE=''
ENABLE_GTK_DOC_FALSE=''
ENABLE_GTK_DOC_TRUE='#'
ENABLE_GVFS_METADATA_FALSE='#'
ENABLE_GVFS_METADATA_TRUE=''
ENABLE_TESTS_FALSE='#'
ENABLE_TESTS_TRUE=''
ENCHANT_CFLAGS='-pthread -I/usr/include/enchant -I/usr/include/glib-2.0 -I/usr/lib/i386-linux-gnu/glib-2.0/include'
ENCHANT_LIBS='-lenchant'
EXEEXT=''
EXTRA_DIST += $(_HELP_C_EXTRA) $(_HELP_C_MEDIA)
EXTRA_DIST += $(foreach f,$(HELP_MEDIA),$(foreach lc,$(HELP_LINGUAS),$(wildcard $(lc)/$(f))))
EXTRA_DIST += $(foreach lc,$(HELP_LINGUAS),$(lc)/$(lc).po)
EXTRA_DIST += $(if $(YELP_LC_DIST),$(foreach lc,$(HELP_LINGUAS),$(lc)/$(lc).stamp))
EXTRA_DIST ?=
FGREP='/bin/grep -F'
FULL_LIBEXECDIR='/home/jeremy/Bureau/PLUMA_HACK/libexec'
GETTEXT_PACKAGE='pluma'
GLIB_COMPILE_SCHEMAS='/usr/lib/i386-linux-gnu/glib-2.0/glib-compile-schemas'
GLIB_GENMARSHAL='/usr/bin/glib-genmarshal'
GLIB_MKENUMS='/usr/bin/glib-mkenums'
GMODULE_CFLAGS='-pthread -I/usr/include/glib-2.0 -I/usr/lib/i386-linux-gnu/glib-2.0/include'
GMODULE_LIBS='-Wl,--export-dynamic -lgmodule-2.0 -pthread -lglib-2.0'
GMOFILES=''
GMSGFMT='/usr/bin/msgfmt'
GREP='/bin/grep'
GSETTINGS_DISABLE_SCHEMAS_COMPILE=''
GSETTINGS_RULES='
GTKDOC_CHECK='gtkdoc-check.test'
GTKDOC_CHECK_PATH='/usr/bin/gtkdoc-check'
GTKDOC_DEPS_CFLAGS='-I/usr/include/glib-2.0 -I/usr/lib/i386-linux-gnu/glib-2.0/include'
GTKDOC_DEPS_LIBS='-lgobject-2.0 -lglib-2.0'
GTKDOC_MKPDF='/usr/bin/gtkdoc-mkpdf'
GTKDOC_REBASE='/usr/bin/gtkdoc-rebase'
GTK_DOC_BUILD_HTML_FALSE='#'
GTK_DOC_BUILD_HTML_TRUE=''
GTK_DOC_BUILD_PDF_FALSE=''
GTK_DOC_BUILD_PDF_TRUE='#'
GTK_DOC_USE_LIBTOOL_FALSE='#'
GTK_DOC_USE_LIBTOOL_TRUE=''
GTK_DOC_USE_REBASE_FALSE='#'
GTK_DOC_USE_REBASE_TRUE=''
HAVE_GTK_DOC_FALSE='#'
HAVE_GTK_DOC_TRUE=''
HAVE_INTROSPECTION_FALSE='#'
HAVE_INTROSPECTION_TRUE=''
HELP_DIR='${datadir}/help'
HELP_EXTRA ?=
HELP_FILES ?=
HELP_ID ?=
HELP_LINGUAS ?=
HELP_MEDIA ?=
HELP_POT ?=
HTML_DIR='${datadir}/gtk-doc/html'
INSTALL_DATA='${INSTALL} -m 644'
INSTALL_PROGRAM='${INSTALL}'
INSTALL_SCRIPT='${INSTALL}'
INSTALL_STRIP_PROGRAM='$(install_sh) -c -s'
INSTOBJEXT='.mo'
INTLLIBS=''
INTLTOOL_CAVES_RULE='%.caves:     %.caves.in     $(INTLTOOL_MERGE) $(wildcard $(top_srcdir)/po/*.po) ; $(INTLTOOL_V_MERGE)LC_ALL=C $(INTLTOOL_MERGE) $(INTLTOOL_V_MERGE_OPTIONS) -d -u -c $(top_builddir)/po/.intltool-merge-cache $(top_srcdir)/po $< $@'
INTLTOOL_DESKTOP_RULE='%.desktop:   %.desktop.in   $(INTLTOOL_MERGE) $(wildcard $(top_srcdir)/po/*.po) ; $(INTLTOOL_V_MERGE)LC_ALL=C $(INTLTOOL_MERGE) $(INTLTOOL_V_MERGE_OPTIONS) -d -u -c $(top_builddir)/po/.intltool-merge-cache $(top_srcdir)/po $< $@'
INTLTOOL_DIRECTORY_RULE='%.directory: %.directory.in $(INTLTOOL_MERGE) $(wildcard $(top_srcdir)/po/*.po) ; $(INTLTOOL_V_MERGE)LC_ALL=C $(INTLTOOL_MERGE) $(INTLTOOL_V_MERGE_OPTIONS) -d -u -c $(top_builddir)/po/.intltool-merge-cache $(top_srcdir)/po $< $@'
INTLTOOL_EXTRACT='/usr/bin/intltool-extract'
INTLTOOL_KBD_RULE='%.kbd:       %.kbd.in       $(INTLTOOL_MERGE) $(wildcard $(top_srcdir)/po/*.po) ; $(INTLTOOL_V_MERGE)LC_ALL=C $(INTLTOOL_MERGE) $(INTLTOOL_V_MERGE_OPTIONS) -x -u -m -c $(top_builddir)/po/.intltool-merge-cache $(top_srcdir)/po $< $@'
INTLTOOL_KEYS_RULE='%.keys:      %.keys.in      $(INTLTOOL_MERGE) $(wildcard $(top_srcdir)/po/*.po) ; $(INTLTOOL_V_MERGE)LC_ALL=C $(INTLTOOL_MERGE) $(INTLTOOL_V_MERGE_OPTIONS) -k -u -c $(top_builddir)/po/.intltool-merge-cache $(top_srcdir)/po $< $@'
INTLTOOL_MERGE='/usr/bin/intltool-merge'
INTLTOOL_OAF_RULE='%.oaf:       %.oaf.in       $(INTLTOOL_MERGE) $(wildcard $(top_srcdir)/po/*.po) ; $(INTLTOOL_V_MERGE)LC_ALL=C $(INTLTOOL_MERGE) $(INTLTOOL_V_MERGE_OPTIONS) -o -p $(top_srcdir)/po $< $@'
INTLTOOL_PERL='/usr/bin/perl'
INTLTOOL_POLICY_RULE='%.policy:    %.policy.in    $(INTLTOOL_MERGE) $(wildcard $(top_srcdir)/po/*.po) ; $(INTLTOOL_V_MERGE)LC_ALL=C $(INTLTOOL_MERGE) $(INTLTOOL_V_MERGE_OPTIONS) -x -u -c $(top_builddir)/po/.intltool-merge-cache $(top_srcdir)/po $< $@'
INTLTOOL_PONG_RULE='%.pong:      %.pong.in      $(INTLTOOL_MERGE) $(wildcard $(top_srcdir)/po/*.po) ; $(INTLTOOL_V_MERGE)LC_ALL=C $(INTLTOOL_MERGE) $(INTLTOOL_V_MERGE_OPTIONS) -x -u -c $(top_builddir)/po/.intltool-merge-cache $(top_srcdir)/po $< $@'
INTLTOOL_PROP_RULE='%.prop:      %.prop.in      $(INTLTOOL_MERGE) $(wildcard $(top_srcdir)/po/*.po) ; $(INTLTOOL_V_MERGE)LC_ALL=C $(INTLTOOL_MERGE) $(INTLTOOL_V_MERGE_OPTIONS) -d -u -c $(top_builddir)/po/.intltool-merge-cache $(top_srcdir)/po $< $@'
INTLTOOL_SCHEMAS_RULE='%.schemas:   %.schemas.in   $(INTLTOOL_MERGE) $(wildcard $(top_srcdir)/po/*.po) ; $(INTLTOOL_V_MERGE)LC_ALL=C $(INTLTOOL_MERGE) $(INTLTOOL_V_MERGE_OPTIONS) -s -u -c $(top_builddir)/po/.intltool-merge-cache $(top_srcdir)/po $< $@'
INTLTOOL_SERVER_RULE='%.server:    %.server.in    $(INTLTOOL_MERGE) $(wildcard $(top_srcdir)/po/*.po) ; $(INTLTOOL_V_MERGE)LC_ALL=C $(INTLTOOL_MERGE) $(INTLTOOL_V_MERGE_OPTIONS) -o -u -c $(top_builddir)/po/.intltool-merge-cache $(top_srcdir)/po $< $@'
INTLTOOL_SERVICE_RULE='%.service: %.service.in   $(INTLTOOL_MERGE) $(wildcard $(top_srcdir)/po/*.po) ; $(INTLTOOL_V_MERGE)LC_ALL=C $(INTLTOOL_MERGE) $(INTLTOOL_V_MERGE_OPTIONS) -d -u -c $(top_builddir)/po/.intltool-merge-cache $(top_srcdir)/po $< $@'
INTLTOOL_SHEET_RULE='%.sheet:     %.sheet.in     $(INTLTOOL_MERGE) $(wildcard $(top_srcdir)/po/*.po) ; $(INTLTOOL_V_MERGE)LC_ALL=C $(INTLTOOL_MERGE) $(INTLTOOL_V_MERGE_OPTIONS) -x -u -c $(top_builddir)/po/.intltool-merge-cache $(top_srcdir)/po $< $@'
INTLTOOL_SOUNDLIST_RULE='%.soundlist: %.soundlist.in $(INTLTOOL_MERGE) $(wildcard $(top_srcdir)/po/*.po) ; $(INTLTOOL_V_MERGE)LC_ALL=C $(INTLTOOL_MERGE) $(INTLTOOL_V_MERGE_OPTIONS) -d -u -c $(top_builddir)/po/.intltool-merge-cache $(top_srcdir)/po $< $@'
INTLTOOL_THEME_RULE='%.theme:     %.theme.in     $(INTLTOOL_MERGE) $(wildcard $(top_srcdir)/po/*.po) ; $(INTLTOOL_V_MERGE)LC_ALL=C $(INTLTOOL_MERGE) $(INTLTOOL_V_MERGE_OPTIONS) -d -u -c $(top_builddir)/po/.intltool-merge-cache $(top_srcdir)/po $< $@'
INTLTOOL_UI_RULE='%.ui:        %.ui.in        $(INTLTOOL_MERGE) $(wildcard $(top_srcdir)/po/*.po) ; $(INTLTOOL_V_MERGE)LC_ALL=C $(INTLTOOL_MERGE) $(INTLTOOL_V_MERGE_OPTIONS) -x -u -c $(top_builddir)/po/.intltool-merge-cache $(top_srcdir)/po $< $@'
INTLTOOL_UPDATE='/usr/bin/intltool-update'
INTLTOOL_V_MERGE='$(INTLTOOL__v_MERGE_$(V))'
INTLTOOL_V_MERGE_OPTIONS='$(intltool__v_merge_options_$(V))'
INTLTOOL_XAM_RULE='%.xam:       %.xml.in       $(INTLTOOL_MERGE) $(wildcard $(top_srcdir)/po/*.po) ; $(INTLTOOL_V_MERGE)LC_ALL=C $(INTLTOOL_MERGE) $(INTLTOOL_V_MERGE_OPTIONS) -x -u -c $(top_builddir)/po/.intltool-merge-cache $(top_srcdir)/po $< $@'
INTLTOOL_XML_NOMERGE_RULE='%.xml:       %.xml.in       $(INTLTOOL_MERGE) ; $(INTLTOOL_V_MERGE)LC_ALL=C $(INTLTOOL_MERGE) $(INTLTOOL_V_MERGE_OPTIONS) -x -u --no-translations $< $@'
INTLTOOL_XML_RULE='%.xml:       %.xml.in       $(INTLTOOL_MERGE) $(wildcard $(top_srcdir)/po/*.po) ; $(INTLTOOL_V_MERGE)LC_ALL=C $(INTLTOOL_MERGE) $(INTLTOOL_V_MERGE_OPTIONS) -x -u -c $(top_builddir)/po/.intltool-merge-cache $(top_srcdir)/po $< $@'
INTLTOOL__v_MERGE_0='@echo "  ITMRG " $@;'
INTLTOOL__v_MERGE_='$(INTLTOOL__v_MERGE_$(AM_DEFAULT_VERBOSITY))'
INTROSPECTION_CFLAGS='-pthread -I/usr/include/gobject-introspection-1.0 -I/usr/include/glib-2.0 -I/usr/lib/i386-linux-gnu/glib-2.0/include'
INTROSPECTION_COMPILER='/usr/bin/g-ir-compiler'
INTROSPECTION_GENERATE='/usr/bin/g-ir-generate'
INTROSPECTION_GIRDIR='/usr/share/gir-1.0'
INTROSPECTION_LIBS='-lgirepository-1.0 -lgobject-2.0 -lglib-2.0'
INTROSPECTION_MAKEFILE='/usr/share/gobject-introspection-1.0/Makefile.introspection'
INTROSPECTION_SCANNER='/usr/bin/g-ir-scanner'
INTROSPECTION_TYPELIBDIR='/usr/lib/i386-linux-gnu/girepository-1.0'
ITSTOOL='itstool'
LD='/usr/bin/ld'
LDFLAGS=''
LIBOBJS=''
LIBS='-lm '
LIBTOOL='$(SHELL) $(top_builddir)/libtool'
LIPO=''
LN_S='ln -s'
LTLIBOBJS=''
LT_SYS_LIBRARY_PATH=''
MAINT=''
MAINTAINER_MODE_FALSE='#'
MAINTAINER_MODE_TRUE=''
MAKEINFO='${SHELL} /home/jeremy/Bureau/PLUMA_HACK/pluma/missing makeinfo'
MANIFEST_TOOL=':'
MKDIR_P='/bin/mkdir -p'
MKINSTALLDIRS='./mkinstalldirs'
MSGFMT='/usr/bin/msgfmt'
MSGFMT_OPTS='-c'
MSGMERGE='/usr/bin/msgmerge'
NM='/usr/bin/nm -B'
NMEDIT=''
OBJDUMP='objdump'
OBJEXT='o'
OTOOL64=''
OTOOL=''
PACKAGE='pluma'
PACKAGE_BUGREPORT='https://github.com/mate-desktop/pluma/issues'
PACKAGE_NAME='pluma'
PACKAGE_STRING='pluma 1.19.0'
PACKAGE_TARNAME='pluma'
PACKAGE_URL='http://mate-desktop.org'
PACKAGE_VERSION='1.19.0'
PATH_SEPARATOR=':'
PKG_CONFIG='/usr/bin/pkg-config'
PKG_CONFIG_LIBDIR=''
PKG_CONFIG_PATH=''
PLUGIN_LIBTOOL_FLAGS='-module -avoid-version'
PLUMA_CFLAGS='-pthread -I/usr/include/gtksourceview-3.0 -I/usr/include/libxml2 -I/usr/include/libpeas-1.0 -I/usr/include/gtk-3.0 -I/usr/include/at-spi2-atk/2.0 -I/usr/include/at-spi-2.0 -I/usr/include/dbus-1.0 -I/usr/lib/i386-linux-gnu/dbus-1.0/include -I/usr/include/gtk-3.0 -I/usr/include/gio-unix-2.0/ -I/usr/include/mirclient -I/usr/include/mircore -I/usr/include/mircookie -I/usr/include/cairo -I/usr/include/pango-1.0 -I/usr/include/harfbuzz -I/usr/include/pango-1.0 -I/usr/include/atk-1.0 -I/usr/include/cairo -I/usr/include/pixman-1 -I/usr/include/freetype2 -I/usr/include/libpng16 -I/usr/include/gdk-pixbuf-2.0 -I/usr/include/libpng16 -I/usr/include/libpeas-1.0 -I/usr/include/gobject-introspection-1.0 -I/usr/include/glib-2.0 -I/usr/lib/i386-linux-gnu/glib-2.0/include '
PLUMA_LIBS='-lxml2 -lgthread-2.0 -pthread -lgtksourceview-3.0 -lpeas-gtk-1.0 -lgtk-3 -lgdk-3 -lpangocairo-1.0 -lpango-1.0 -latk-1.0 -lcairo-gobject -lcairo -lgdk_pixbuf-2.0 -lpeas-1.0 -Wl,--export-dynamic -lgmodule-2.0 -pthread -lgio-2.0 -lgirepository-1.0 -lgobject-2.0 -lglib-2.0 -lX11'
PLUMA_MAJOR_VERSION='1'
PLUMA_MICRO_VERSION='0'
PLUMA_MINOR_VERSION='19'
PLUMA_PLUGINS_DATA_DIR='${datarootdir}/pluma/plugins'
PLUMA_PLUGINS_LIBS_DIR='${exec_prefix}/lib/pluma/plugins'
POFILES=''
POSUB='po'
PO_IN_DATADIR_FALSE=''
PO_IN_DATADIR_TRUE=''
PYTHON='/usr/bin/python'
PYTHON_EXEC_PREFIX='${exec_prefix}'
PYTHON_PLATFORM='linux2'
PYTHON_PREFIX='${prefix}'
PYTHON_VERSION='2.7'
RANLIB='ranlib'
SED='/bin/sed'
SET_MAKE=''
SHELL='/bin/bash'
STRIP='strip'
TOOLBAR_STYLE='PLUMA_TOOLBAR_SYSTEM'
USE_NLS='yes'
VERSION='1.19.0'
WARN_CFLAGS='-Wall -Wmissing-prototypes '
X11_CFLAGS=''
X11_LIBS='-lX11'
XGETTEXT='/usr/bin/xgettext'
XMLLINT='xmllint'
YELP_HELP_RULES='
YELP_LC_DIST='true'
YELP_LC_MEDIA_LINKS='true'
_HELP_C_EXTRA = $(foreach f,$(HELP_EXTRA),C/$(f))
_HELP_C_FILES = $(foreach f,$(HELP_FILES),C/$(f))
_HELP_C_MEDIA = $(foreach f,$(HELP_MEDIA),C/$(f))
_HELP_DEFAULT_V = $(if $(AM_DEFAULT_VERBOSITY),$(AM_DEFAULT_VERBOSITY),1)
_HELP_LC_FILES = $(foreach lc,$(_HELP_LINGUAS),$(foreach f,$(HELP_FILES),$(lc)/$(f)))
_HELP_LC_STAMPS = $(foreach lc,$(_HELP_LINGUAS),$(lc)/$(lc).stamp)
_HELP_LC_VERBOSE = $(_HELP_LC_VERBOSE_$(_HELP_V))
_HELP_LC_VERBOSE_ = $(_HELP_LC_VERBOSE_$(_HELP_DEFAULT_V))
_HELP_LC_VERBOSE_0 = @echo "  GEN    "$(dir $@);
_HELP_LINGUAS = $(if $(filter environment,$(origin LINGUAS)),$(filter $(LINGUAS),$(HELP_LINGUAS)),$(HELP_LINGUAS))
_HELP_MOFILES = $(patsubst %.po,%.mo,$(_HELP_POFILES))
_HELP_POFILES = $(if $(HELP_ID),$(foreach lc,$(_HELP_LINGUAS),$(lc)/$(lc).po))
_HELP_POTFILE = $(if $(HELP_POT),$(HELP_POT),$(if $(HELP_ID),$(HELP_ID).pot))
_HELP_V = $(if $(V),$(V),$(_HELP_DEFAULT_V))
ac_ct_AR='ar'
ac_ct_CC='gcc'
ac_ct_DUMPBIN=''
all-am: $(gsettings_SCHEMAS:.xml=.valid)
all: $(_HELP_C_FILES) $(_HELP_C_EXTRA) $(_HELP_C_MEDIA) $(_HELP_LC_FILES) $(_HELP_POFILES)
am__EXEEXT_FALSE=''
am__EXEEXT_TRUE='#'
am__fastdepCC_FALSE='#'
am__fastdepCC_TRUE=''
am__include='include'
am__isrc=''
am__leading_dot='.'
am__nodep='_no'
am__quote=''
am__tar='$${TAR-tar} chof - "$$tardir"'
am__untar='$${TAR-tar} xf -'
bindir='${exec_prefix}/bin'
build='i686-pc-linux-gnu'
build_alias=''
build_cpu='i686'
build_os='linux-gnu'
build_vendor='pc'
check-help:
check: check-help
clean-gsettings-schemas:
clean-help:
datadir='${datarootdir}'
datarootdir='${prefix}/share'
distdir-help-files: $(_HELP_LC_FILES)
distdir: distdir-help-files
docdir='${datarootdir}/doc/${PACKAGE_TARNAME}'
dvidir='${docdir}'
endif'
exec_prefix='${prefix}'
gsettings__enum_file = $(addsuffix .enums.xml,$(gsettings_ENUM_NAMESPACE))
gsettingsschemadir='${datarootdir}/glib-2.0/schemas'
host='i686-pc-linux-gnu'
host_alias=''
host_cpu='i686'
host_os='linux-gnu'
host_vendor='pc'
htmldir='${docdir}'
ifdef gsettings_ENUM_NAMESPACE
includedir='${prefix}/include'
infodir='${datarootdir}/info'
install-data-am: $(if $(HELP_ID),install-help)
install-data-am: install-gsettings-schemas
install-gsettings-schemas: $(gsettings_SCHEMAS) $(gsettings__enum_file)
install-help: $(_HELP_LC_FILES)
install_sh='${SHELL} /home/jeremy/Bureau/PLUMA_HACK/pluma/install-sh'
intltool__v_merge_options_0='-q'
intltool__v_merge_options_='$(intltool__v_merge_options_$(AM_DEFAULT_VERBOSITY))'
libdir='${exec_prefix}/lib'
libexecdir='${exec_prefix}/libexec'
localedir='${datarootdir}/locale'
localstatedir='${prefix}/var'
mandir='${datarootdir}/man'
mkdir_p='$(MKDIR_P)'
mostlyclean-am: $(if $(HELP_ID),clean-help)
mostlyclean-am: clean-gsettings-schemas
oldincludedir='/usr/include'
pdfdir='${docdir}'
pkgpyexecdir='${pyexecdir}/pluma'
pkgpythondir='${pythondir}/pluma'
pot: $(_HELP_POTFILE)
prefix='/home/jeremy/Bureau/PLUMA_HACK'
program_transform_name='s,x,x,'
psdir='${docdir}'
pyexecdir='${exec_prefix}/lib/python2.7/site-packages'
pythondir='${prefix}/lib/python2.7/site-packages'
repo: $(_HELP_POTFILE)
runstatedir='${localstatedir}/run'
sbindir='${exec_prefix}/sbin'
sharedstatedir='${prefix}/com'
sysconfdir='${prefix}/etc'
target_alias=''
uninstall-am: $(if $(HELP_ID),uninstall-help)
uninstall-am: uninstall-gsettings-schemas
uninstall-gsettings-schemas:
uninstall-help:

## ----------- ##
## confdefs.h. ##
## ----------- ##

/* confdefs.h */
#define PACKAGE_NAME "pluma"
#define PACKAGE_TARNAME "pluma"
#define PACKAGE_VERSION "1.19.0"
#define PACKAGE_STRING "pluma 1.19.0"
#define PACKAGE_BUGREPORT "https://github.com/mate-desktop/pluma/issues"
#define PACKAGE_URL "http://mate-desktop.org"
#define PLUMA_MAJOR_VERSION 1
#define PLUMA_MINOR_VERSION 19
#define PLUMA_MICRO_VERSION 0
#define PACKAGE "pluma"
#define VERSION "1.19.0"
#define _FILE_OFFSET_BITS 64
#define STDC_HEADERS 1
#define HAVE_SYS_TYPES_H 1
#define HAVE_SYS_STAT_H 1
#define HAVE_STDLIB_H 1
#define HAVE_STRING_H 1
#define HAVE_MEMORY_H 1
#define HAVE_STRINGS_H 1
#define HAVE_INTTYPES_H 1
#define HAVE_STDINT_H 1
#define HAVE_UNISTD_H 1
#define HAVE_DLFCN_H 1
#define LT_OBJDIR ".libs/"
#define HAVE_LIBM 1
#define GLIB_VERSION_MAX_ALLOWED GLIB_VERSION_2_36
#define GLIB_VERSION_MIN_REQUIRED GLIB_VERSION_2_36
#define HAVE_LOCALE_H 1
#define HAVE_LC_MESSAGES 1
#define HAVE_BIND_TEXTDOMAIN_CODESET 1
#define HAVE_GETTEXT 1
#define HAVE_DCGETTEXT 1
#define ENABLE_NLS 1
#define GETTEXT_PACKAGE "pluma"
#define ENABLE_GVFS_METADATA 1
#define ISO_CODES_PREFIX "/usr"
#define HAVE_ISO_CODES 1
#define HAVE_INTROSPECTION 1

configure: exit 0
